This is XeTeX, Version 3.1415926-2.4-0.9998 (TeX Live 2012) (format=xelatex 2012.6.30)  18 AUG 2014 17:33
entering extended mode
 restricted \write18 enabled.
 Source specials enabled.
 %&-line parsing enabled.
**title-is.tex
(./title-is.tex
LaTeX2e <2011/06/27>
Babel <v3.8m> and hyphenation patterns for english, dumylang, nohyphenation, ge
rman-x-2012-05-30, ngerman-x-2012-05-30, afrikaans, ancientgreek, ibycus, arabi
c, armenian, basque, bulgarian, catalan, pinyin, coptic, croatian, czech, danis
h, dutch, ukenglish, usenglishmax, esperanto, estonian, ethiopic, farsi, finnis
h, french, friulan, galician, german, ngerman, swissgerman, monogreek, greek, h
ungarian, icelandic, assamese, bengali, gujarati, hindi, kannada, malayalam, ma
rathi, oriya, panjabi, tamil, telugu, indonesian, interlingua, irish, italian, 
kurmanji, latin, latvian, lithuanian, mongolian, mongolianlmc, bokmal, nynorsk,
 polish, portuguese, romanian, romansh, russian, sanskrit, serbian, serbianc, s
lovak, slovenian, spanish, swedish, turkish, turkmen, ukrainian, uppersorbian, 
welsh, loaded.

! LaTeX Error: Environment titlepage undefined.

See the LaTeX manual or LaTeX Companion for explanation.
Type  H <return>  for immediate help.
 ...                                              
                                                  
l.1 \begin{titlepage}
                     
Your command was ignored.
Type  I <command> <return>  to replace it with another command,
or  <return>  to continue without it.


! LaTeX Error: Missing \begin{document}.

See the LaTeX manual or LaTeX Companion for explanation.
Type  H <return>  for immediate help.
 ...                                              
                                                  
l.2 \begin{center}
                  
You're in trouble here.  Try typing  <return>  to proceed.
If that doesn't work, type  X <return>  to quit.


Overfull \hbox (20.0pt too wide) in paragraph at lines 2--2
[][] 
 []

! Undefined control sequence.
<recently read> \LARGE 
                       
l.4 \textsc {\LARGE Internship Report}
                                      \\[8em]
The control sequence at the end of the top line
of your error message was never \def'ed. If you have
misspelled it (e.g., `\hobx'), type `I' and the correct
spelling (e.g., `I\hbox'). Otherwise just continue,
and I'll forget about whatever was undefined.


Overfull \hbox (53.14417pt too wide) in paragraph at lines 4--4
 []\OT1/cmr/m/sc/10 Internship 
 []


Overfull \hbox (17.35541pt too wide) in paragraph at lines 4--4
 \OT1/cmr/m/sc/10 Re- 
 []


Overfull \hbox (23.19986pt too wide) in paragraph at lines 4--4
 \OT1/cmr/m/sc/10 port 
 []

! Undefined control sequence.
<recently read> \small 
                       
l.5 \textbf {\small {on}}
                         \\
The control sequence at the end of the top line
of your error message was never \def'ed. If you have
misspelled it (e.g., `\hobx'), type `I' and the correct
spelling (e.g., `I\hbox'). Otherwise just continue,
and I'll forget about whatever was undefined.


Overfull \hbox (12.13882pt too wide) in paragraph at lines 5--5
 [][]\OT1/cmr/bx/n/10 on 
 []

! Undefined control sequence.
<recently read> \huge 
                      
l.7 other tasks to Data Analysis}}
                                  \\[2em]
The control sequence at the end of the top line
of your error message was never \def'ed. If you have
misspelled it (e.g., `\hobx'), type `I' and the correct
spelling (e.g., `I\hbox'). Otherwise just continue,
and I'll forget about whatever was undefined.


Overfull \hbox (60.6668pt too wide) in paragraph at lines 7--7
 [][]\OT1/cmr/m/n/10 Classification, 
 []


Overfull \hbox (15.13889pt too wide) in paragraph at lines 7--7
 \OT1/cmr/m/n/10 Re- 
 []


Overfull \hbox (20.6389pt too wide) in paragraph at lines 7--7
 \OT1/cmr/m/n/10 gres- 
 []


Overfull \hbox (17.27782pt too wide) in paragraph at lines 7--7
 \OT1/cmr/m/n/10 sion 
 []


Overfull \hbox (16.11116pt too wide) in paragraph at lines 7--7
 \OT1/cmr/m/n/10 and 
 []


Overfull \hbox (22.8056pt too wide) in paragraph at lines 7--7
 []\OT1/cmr/m/n/10 other 
 []


Overfull \hbox (22.0556pt too wide) in paragraph at lines 7--7
 \OT1/cmr/m/n/10 tasks 
 []


Overfull \hbox (8.88892pt too wide) in paragraph at lines 7--7
 \OT1/cmr/m/n/10 to 
 []


Overfull \hbox (21.52783pt too wide) in paragraph at lines 7--7
 \OT1/cmr/m/n/10 Data 
 []


Overfull \hbox (24.16672pt too wide) in paragraph at lines 7--7
 \OT1/cmr/m/n/10 Anal- 
 []


Overfull \hbox (8.61113pt too wide) in paragraph at lines 7--7
 \OT1/cmr/m/n/10 y- 
 []


Overfull \hbox (10.66667pt too wide) in paragraph at lines 7--7
 \OT1/cmr/m/n/10 sis 
 []

! Undefined control sequence.
l.8 \small
           {\textbf{at}}\\
The control sequence at the end of the top line
of your error message was never \def'ed. If you have
misspelled it (e.g., `\hobx'), type `I' and the correct
spelling (e.g., `I\hbox'). Otherwise just continue,
and I'll forget about whatever was undefined.


Overfull \hbox (10.06242pt too wide) in paragraph at lines 8--8
 [][]\OT1/cmr/bx/n/10 at 
 []

! Undefined control sequence.
<recently read> \large 
                       
l.9 \large
          {Symate GmbH Dresden}\\[2em]
The control sequence at the end of the top line
of your error message was never \def'ed. If you have
misspelled it (e.g., `\hobx'), type `I' and the correct
spelling (e.g., `I\hbox'). Otherwise just continue,
and I'll forget about whatever was undefined.

Missing character: There is no S in font nullfont!
Missing character: There is no y in font nullfont!
Missing character: There is no m in font nullfont!
Missing character: There is no a in font nullfont!
Missing character: There is no t in font nullfont!
Missing character: There is no e in font nullfont!
Missing character: There is no G in font nullfont!
Missing character: There is no m in font nullfont!
Missing character: There is no b in font nullfont!
Missing character: There is no H in font nullfont!
Missing character: There is no D in font nullfont!
Missing character: There is no r in font nullfont!
Missing character: There is no e in font nullfont!
Missing character: There is no s in font nullfont!
Missing character: There is no d in font nullfont!
Missing character: There is no e in font nullfont!
Missing character: There is no n in font nullfont!
! Undefined control sequence.
<recently read> \small 
                       
l.10 \textbf {\small {Under Guidance of}}
                                         \\
The control sequence at the end of the top line
of your error message was never \def'ed. If you have
misspelled it (e.g., `\hobx'), type `I' and the correct
spelling (e.g., `I\hbox'). Otherwise just continue,
and I'll forget about whatever was undefined.


Overfull \hbox (31.63179pt too wide) in paragraph at lines 10--10
 [][]\OT1/cmr/bx/n/10 Under 
 []


Overfull \hbox (28.84706pt too wide) in paragraph at lines 10--10
 \OT1/cmr/bx/n/10 Guid- 
 []


Overfull \hbox (22.36098pt too wide) in paragraph at lines 10--10
 \OT1/cmr/bx/n/10 ance 
 []


Overfull \hbox (10.3541pt too wide) in paragraph at lines 10--10
 \OT1/cmr/bx/n/10 of 
 []


Overfull \hbox (17.5082pt too wide) in paragraph at lines 11--11
 [][]\OT1/cmr/m/sc/10 Dr. 
 []


Overfull \hbox (24.55818pt too wide) in paragraph at lines 11--11
 \OT1/cmr/m/sc/10 Gun- 
 []


Overfull \hbox (18.28883pt too wide) in paragraph at lines 11--11
 \OT1/cmr/m/sc/10 nar 
 []


Overfull \hbox (15.09154pt too wide) in paragraph at lines 11--11
 \OT1/cmr/m/sc/10 Di- 
 []


Overfull \hbox (16.51102pt too wide) in paragraph at lines 11--11
 \OT1/cmr/m/sc/10 etz 
 []

! Undefined control sequence.
l.12 \small
            {\textbf{prepared by}}\\
The control sequence at the end of the top line
of your error message was never \def'ed. If you have
misspelled it (e.g., `\hobx'), type `I' and the correct
spelling (e.g., `I\hbox'). Otherwise just continue,
and I'll forget about whatever was undefined.


Overfull \hbox (44.77061pt too wide) in paragraph at lines 12--12
 [][]\OT1/cmr/bx/n/10 prepared 
 []


Overfull \hbox (12.29855pt too wide) in paragraph at lines 12--12
 \OT1/cmr/bx/n/10 by 
 []


Overfull \hbox (14.00822pt too wide) in paragraph at lines 13--13
 [][]\OT1/cmr/m/sc/10 Ke 
 []


Overfull \hbox (18.96101pt too wide) in paragraph at lines 13--13
 \OT1/cmr/m/sc/10 Zhu 
 []

! Undefined control sequence.
l.15 {\today
            }
The control sequence at the end of the top line
of your error message was never \def'ed. If you have
misspelled it (e.g., `\hobx'), type `I' and the correct
spelling (e.g., `I\hbox'). Otherwise just continue,
and I'll forget about whatever was undefined.


! LaTeX Error: \begin{document} ended by \end{titlepage}.

See the LaTeX manual or LaTeX Companion for explanation.
Type  H <return>  for immediate help.
 ...                                              
                                                  
l.17 \end{titlepage}
                    
Your command was ignored.
Type  I <command> <return>  to replace it with another command,
or  <return>  to continue without it.

)
! Emergency stop.
<*> title-is.tex
                
*** (job aborted, no legal \end found)

 
Here is how much of TeX's memory you used:
 15 strings out of 494004
 133 string characters out of 3150890
 49089 words of memory out of 3000000
 3376 multiletter control sequences out of 15000+200000
 4249 words of font info for 16 fonts, out of 3000000 for 9000
 1144 hyphenation exceptions out of 8191
 14i,1n,11p,72b,121s stack positions out of 5000i,500n,10000p,200000b,50000s
No pages of output.
